mode: set
github.com/restuwahyu13/go-testing-fundamental/01_testing.go:9.29,14.2 4 1
github.com/restuwahyu13/go-testing-fundamental/01_testing.go:16.30,21.2 4 1
github.com/restuwahyu13/go-testing-fundamental/01_testing.go:23.27,28.2 4 1
github.com/restuwahyu13/go-testing-fundamental/01_testing.go:30.35,35.2 4 1
github.com/restuwahyu13/go-testing-fundamental/02_testing.go:9.30,14.2 4 0
github.com/restuwahyu13/go-testing-fundamental/02_testing.go:16.31,21.2 4 0
github.com/restuwahyu13/go-testing-fundamental/02_testing.go:23.28,28.2 4 0
github.com/restuwahyu13/go-testing-fundamental/02_testing.go:30.36,35.2 4 0
github.com/restuwahyu13/go-testing-fundamental/02_testing_testing.go:10.30,12.64 1 0
github.com/restuwahyu13/go-testing-fundamental/02_testing_testing.go:17.2,17.67 1 0
github.com/restuwahyu13/go-testing-fundamental/02_testing_testing.go:12.64,15.3 2 0
github.com/restuwahyu13/go-testing-fundamental/02_testing_testing.go:17.67,20.3 2 0
github.com/restuwahyu13/go-testing-fundamental/02_testing_testing.go:23.35,25.65 1 0
github.com/restuwahyu13/go-testing-fundamental/02_testing_testing.go:30.2,30.68 1 0
github.com/restuwahyu13/go-testing-fundamental/02_testing_testing.go:25.65,28.3 2 0
github.com/restuwahyu13/go-testing-fundamental/02_testing_testing.go:30.68,33.3 2 0
github.com/restuwahyu13/go-testing-fundamental/02_testing_testing.go:36.33,38.62 1 0
github.com/restuwahyu13/go-testing-fundamental/02_testing_testing.go:43.2,43.65 1 0
github.com/restuwahyu13/go-testing-fundamental/02_testing_testing.go:38.62,41.3 2 0
github.com/restuwahyu13/go-testing-fundamental/02_testing_testing.go:43.65,46.3 2 0
github.com/restuwahyu13/go-testing-fundamental/02_testing_testing.go:49.41,51.70 1 0
github.com/restuwahyu13/go-testing-fundamental/02_testing_testing.go:56.2,56.73 1 0
github.com/restuwahyu13/go-testing-fundamental/02_testing_testing.go:51.70,54.3 2 0
github.com/restuwahyu13/go-testing-fundamental/02_testing_testing.go:56.73,59.3 2 0
github.com/restuwahyu13/go-testing-fundamental/03_testing.go:14.64,17.51 2 1
github.com/restuwahyu13/go-testing-fundamental/03_testing.go:17.51,21.3 3 1
github.com/restuwahyu13/go-testing-fundamental/03_testing.go:21.8,26.3 4 1
github.com/restuwahyu13/go-testing-fundamental/03_testing.go:29.65,32.53 2 1
github.com/restuwahyu13/go-testing-fundamental/03_testing.go:32.53,37.28 3 1
github.com/restuwahyu13/go-testing-fundamental/03_testing.go:37.28,41.4 3 1
github.com/restuwahyu13/go-testing-fundamental/03_testing.go:41.9,45.4 3 1
github.com/restuwahyu13/go-testing-fundamental/03_testing.go:47.8,52.3 4 1
github.com/restuwahyu13/go-testing-fundamental/05_testing.go:9.46,15.2 4 1
github.com/restuwahyu13/go-testing-fundamental/gin/04_testing.go:20.40,26.2 2 1
github.com/restuwahyu13/go-testing-fundamental/gin/04_testing.go:28.41,34.2 2 1
github.com/restuwahyu13/go-testing-fundamental/gin/04_testing.go:38.41,44.2 2 1
github.com/restuwahyu13/go-testing-fundamental/gin/04_testing.go:46.42,52.2 2 1
github.com/restuwahyu13/go-testing-fundamental/gin/04_testing.go:56.40,62.2 2 1
github.com/restuwahyu13/go-testing-fundamental/gin/04_testing.go:64.41,67.50 2 1
github.com/restuwahyu13/go-testing-fundamental/gin/04_testing.go:67.50,73.3 2 1
github.com/restuwahyu13/go-testing-fundamental/gin/04_testing.go:73.8,80.3 3 1
github.com/restuwahyu13/go-testing-fundamental/gin/04_testing.go:84.13,87.2 2 0
github.com/restuwahyu13/go-testing-fundamental/gin/04_testing.go:89.27,100.2 8 1
