mode: set
github.com/restuwahyu13/go-testing-fundamental/01_testing.go:9.29,14.2 4 1
github.com/restuwahyu13/go-testing-fundamental/01_testing.go:16.30,21.2 4 1
github.com/restuwahyu13/go-testing-fundamental/01_testing.go:23.27,28.2 4 1
github.com/restuwahyu13/go-testing-fundamental/01_testing.go:30.35,35.2 4 1
github.com/restuwahyu13/go-testing-fundamental/02_testing.go:9.40,11.30 1 1
github.com/restuwahyu13/go-testing-fundamental/02_testing.go:12.37,13.14 1 1
github.com/restuwahyu13/go-testing-fundamental/02_testing.go:14.38,15.14 1 1
github.com/restuwahyu13/go-testing-fundamental/02_testing.go:16.28,17.14 1 1
github.com/restuwahyu13/go-testing-fundamental/02_testing.go:18.10,19.15 1 0
github.com/restuwahyu13/go-testing-fundamental/03_testing.go:14.64,17.51 2 1
github.com/restuwahyu13/go-testing-fundamental/03_testing.go:17.51,21.3 3 1
github.com/restuwahyu13/go-testing-fundamental/03_testing.go:21.8,26.3 4 1
github.com/restuwahyu13/go-testing-fundamental/03_testing.go:29.65,32.53 2 1
github.com/restuwahyu13/go-testing-fundamental/03_testing.go:32.53,37.28 3 1
github.com/restuwahyu13/go-testing-fundamental/03_testing.go:37.28,41.4 3 1
github.com/restuwahyu13/go-testing-fundamental/03_testing.go:41.9,45.4 3 1
github.com/restuwahyu13/go-testing-fundamental/03_testing.go:47.8,52.3 4 1
github.com/restuwahyu13/go-testing-fundamental/05_testing.go:9.46,15.2 4 1
github.com/restuwahyu13/go-testing-fundamental/gin/04_testing.go:20.40,26.2 2 1
github.com/restuwahyu13/go-testing-fundamental/gin/04_testing.go:28.41,34.2 2 1
github.com/restuwahyu13/go-testing-fundamental/gin/04_testing.go:38.41,44.2 2 1
github.com/restuwahyu13/go-testing-fundamental/gin/04_testing.go:46.42,52.2 2 1
github.com/restuwahyu13/go-testing-fundamental/gin/04_testing.go:56.40,62.2 2 1
github.com/restuwahyu13/go-testing-fundamental/gin/04_testing.go:64.41,67.50 2 1
github.com/restuwahyu13/go-testing-fundamental/gin/04_testing.go:67.50,73.3 2 1
github.com/restuwahyu13/go-testing-fundamental/gin/04_testing.go:73.8,80.3 3 1
github.com/restuwahyu13/go-testing-fundamental/gin/04_testing.go:84.13,87.2 2 0
github.com/restuwahyu13/go-testing-fundamental/gin/04_testing.go:89.27,100.2 8 1
github.com/restuwahyu13/go-testing-fundamental/gin-ginkgo/06_testing.go:16.40,22.2 2 1
github.com/restuwahyu13/go-testing-fundamental/gin-ginkgo/06_testing.go:24.41,30.2 2 1
github.com/restuwahyu13/go-testing-fundamental/gin-ginkgo/06_testing.go:34.41,40.2 2 1
github.com/restuwahyu13/go-testing-fundamental/gin-ginkgo/06_testing.go:42.42,48.2 2 1
github.com/restuwahyu13/go-testing-fundamental/gin-ginkgo/06_testing.go:52.40,58.2 2 1
github.com/restuwahyu13/go-testing-fundamental/gin-ginkgo/06_testing.go:60.41,67.2 2 1
github.com/restuwahyu13/go-testing-fundamental/gin-ginkgo/06_testing.go:69.13,72.2 2 0
github.com/restuwahyu13/go-testing-fundamental/gin-ginkgo/06_testing.go:74.27,85.2 8 1
